[ 2015-10-30T16:21:58+08:00 ]  
INFO: [ app_init ] --START--
INFO: Run Behavior\BuildLiteBehavior [ RunTime:0.000014s ]
INFO: [ app_init ] --END-- [ RunTime:0.000149s ]
NOTIC: [8] Undefined index: REQUEST_METHOD /usr/local/nginx/www/tp/ThinkPHP/Library/Think/App.class.php 第 31 行.
NOTIC: [8] Undefined index: REQUEST_URI /usr/local/nginx/www/tp/ThinkPHP/Library/Think/Dispatcher.class.php 第 137 行.
NOTIC: [8] Use of undefined constant _PHP_FILE_ - assumed '_PHP_FILE_' /usr/local/nginx/www/tp/ThinkPHP/Library/Think/Dispatcher.class.php 第 191 行.
INFO: [ app_begin ] --START--
INFO: Run Behavior\ReadHtmlCacheBehavior [ RunTime:0.000427s ]
INFO: [ app_begin ] --END-- [ RunTime:0.000461s ]
INFO: [ view_parse ] --START--
INFO: [ template_filter ] --START--
NOTIC: [8] Use of undefined constant __ROOT__ - assumed '__ROOT__' /usr/local/nginx/www/tp/ThinkPHP/Library/Behavior/ContentReplaceBehavior.class.php 第 31 行.
NOTIC: [8] Use of undefined constant __ROOT__ - assumed '__ROOT__' /usr/local/nginx/www/tp/ThinkPHP/Library/Behavior/ContentReplaceBehavior.class.php 第 38 行.
INFO: Run Behavior\ContentReplaceBehavior [ RunTime:0.000052s ]
INFO: [ template_filter ] --END-- [ RunTime:0.000087s ]
INFO: Run Behavior\ParseTemplateBehavior [ RunTime:0.003752s ]
INFO: [ view_parse ] --END-- [ RunTime:0.003822s ]
INFO: [ view_filter ] --START--
INFO: Run Behavior\WriteHtmlCacheBehavior [ RunTime:0.000099s ]
INFO: [ view_filter ] --END-- [ RunTime:0.000120s ]
INFO: [ app_end ] --START--
INFO: Run Behavior\ShowPageTraceBehavior [ RunTime:0.000342s ]
INFO: [ app_end ] --END-- [ RunTime:0.000377s ]

